[2026-04-14T11:16:50.231560+02:00] app.INFO: Listado de libros obtenido correctamente [] []
[2026-04-14T11:23:51.069567+02:00] app.INFO: Usuario obtenido por email: alejandra@gmail.com [] []
[2026-04-14T11:23:51.231183+02:00] app.INFO: Usuario ha iniciado sesión: alejandra@gmail.com [] []
[2026-04-14T11:23:53.657658+02:00] app.INFO: Listado de libros obtenido correctamente [] []
[2026-04-14T11:24:26.211856+02:00] app.INFO: Usuario obtenido por email: martinez@gmail.com [] []
[2026-04-14T11:24:26.278882+02:00] app.INFO: Usuario ha iniciado sesión: martinez@gmail.com [] []
[2026-04-14T11:24:43.045746+02:00] app.INFO: Listado de libros obtenido correctamente [] []
[2026-04-14T11:32:54.259801+02:00] app.INFO: Usuario obtenido por email: ana@example.com [] []
[2026-04-14T11:32:54.331591+02:00] app.INFO: Usuario ha iniciado sesión: ana@example.com [] []
[2026-04-14T11:32:55.513762+02:00] app.INFO: Listado de libros obtenido correctamente [] []
[2026-04-14T11:36:23.544735+02:00] app.INFO: Nuevo usuario registrado: lucia@mail.com [] []
[2026-04-14T11:37:56.244643+02:00] app.INFO: Nuevo usuario registrado: paca@gmail.com [] []
[2026-04-14T11:38:04.011439+02:00] app.INFO: Usuario ha iniciado sesión: paca@gmail.com [] []
[2026-04-14T11:38:12.426142+02:00] app.INFO: Listado de libros obtenido correctamente [] []
[2026-04-21T15:52:38.044816+02:00] app.INFO: Listado de libros obtenido correctamente [] []
[2026-04-21T15:55:44.315066+02:00] app.INFO: Usuario ha cerrado sesión: alejaaguva2912@gmail.com [] []
[2026-04-21T15:57:48.045390+02:00] app.INFO: Usuario ha cerrado sesión: 416c65@gmail.com [] []
[2026-04-21T15:58:15.494574+02:00] app.INFO: Listado de libros obtenido correctamente [] []
[2026-04-21T15:59:33.046549+02:00] app.INFO: Usuario ha cerrado sesión: 416c65@gmail.com [] []
[2026-04-21T16:02:28.696473+02:00] app.INFO: Listado de libros obtenido correctamente [] []
[2026-04-22T19:26:08.410102+02:00] app.INFO: Listado de libros obtenido correctamente [] []
[2026-04-22T19:34:07.400002+02:00] app.INFO: Listado de libros obtenido correctamente [] []
[2026-04-22T19:34:57.354806+02:00] app.INFO: Listado de libros obtenido correctamente [] []
[2026-04-22T19:38:03.603637+02:00] app.INFO: Listado de libros obtenido correctamente [] []
[2026-04-22T19:38:17.434851+02:00] app.INFO: Listado de libros obtenido correctamente [] []
[2026-04-22T19:38:59.033216+02:00] app.INFO: Usuario ha cerrado sesión: alejaaguva2912@gmail.com [] []
[2026-04-22T19:39:23.767157+02:00] app.INFO: Listado de libros obtenido correctamente [] []
[2026-04-22T19:42:29.939058+02:00] app.INFO: Listado de libros obtenido correctamente [] []
[2026-04-22T19:42:43.488940+02:00] app.INFO: Listado de libros obtenido correctamente [] []
[2026-04-22T19:44:13.877577+02:00] app.INFO: Listado de libros obtenido correctamente [] []
[2026-04-22T19:44:28.064818+02:00] app.INFO: Listado de libros obtenido correctamente [] []
[2026-04-22T19:46:20.230713+02:00] app.INFO: Listado de libros obtenido correctamente [] []
[2026-04-22T19:47:05.961511+02:00] app.INFO: Listado de libros obtenido correctamente [] []
[2026-04-22T19:48:04.796981+02:00] app.INFO: Listado de libros obtenido correctamente [] []
[2026-04-22T19:49:05.528011+02:00] app.INFO: Listado de libros obtenido correctamente [] []
[2026-04-22T19:49:07.545338+02:00] app.INFO: Listado de libros obtenido correctamente [] []
[2026-04-22T19:50:52.012669+02:00] app.INFO: Listado de libros obtenido correctamente [] []
[2026-04-22T19:51:04.946503+02:00] app.INFO: Listado de libros obtenido correctamente [] []
[2026-04-22T19:51:50.297759+02:00] app.INFO: Listado de libros obtenido correctamente [] []
[2026-04-22T19:52:04.342987+02:00] app.INFO: Listado de libros obtenido correctamente [] []
[2026-04-22T19:53:15.732653+02:00] app.INFO: Listado de libros obtenido correctamente [] []
[2026-04-22T19:53:37.241440+02:00] app.INFO: Listado de libros obtenido correctamente [] []
[2026-04-22T19:54:00.307948+02:00] app.INFO: Listado de libros obtenido correctamente [] []
[2026-04-22T19:54:39.505380+02:00] app.INFO: Listado de libros obtenido correctamente [] []
[2026-04-22T19:57:45.187203+02:00] app.INFO: Listado de libros obtenido correctamente [] []
[2026-04-22T19:59:47.304451+02:00] app.INFO: Listado de libros obtenido correctamente [] []
[2026-04-22T20:01:59.592932+02:00] app.INFO: Usuario ha cerrado sesión: alejaaguva2912@gmail.com [] []
[2026-04-22T20:07:00.236070+02:00] app.INFO: Listado de libros obtenido correctamente [] []
[2026-04-22T20:07:00.240179+02:00] app.INFO: Listado de libros obtenido correctamente [] []
[2026-04-22T20:07:04.497833+02:00] app.INFO: Listado de libros obtenido correctamente [] []
[2026-04-22T20:07:10.920354+02:00] app.INFO: Listado de libros obtenido correctamente [] []
[2026-04-22T20:07:58.638957+02:00] app.INFO: Listado de libros obtenido correctamente [] []
[2026-04-22T20:08:03.390218+02:00] app.INFO: Listado de libros obtenido correctamente [] []
[2026-04-22T20:08:05.845804+02:00] app.INFO: Listado de libros obtenido correctamente [] []
[2026-04-22T20:08:05.848386+02:00] app.INFO: Listado de libros obtenido correctamente [] []
[2026-04-22T20:08:08.631726+02:00] app.INFO: Listado de libros obtenido correctamente [] []
[2026-04-22T20:08:11.294014+02:00] app.INFO: Listado de libros obtenido correctamente [] []
[2026-04-22T20:08:11.296700+02:00] app.INFO: Listado de libros obtenido correctamente [] []
[2026-04-22T20:08:17.933205+02:00] app.INFO: Listado de libros obtenido correctamente [] []
[2026-04-22T20:11:25.869626+02:00] app.INFO: Listado de libros obtenido correctamente [] []
[2026-04-22T20:12:00.163371+02:00] app.INFO: Listado de libros obtenido correctamente [] []
[2026-04-22T20:12:04.185925+02:00] app.INFO: Listado de libros obtenido correctamente [] []
[2026-04-22T20:12:04.189886+02:00] app.INFO: Listado de libros obtenido correctamente [] []
[2026-04-22T20:12:37.410722+02:00] app.INFO: Listado de libros obtenido correctamente [] []
[2026-04-22T20:12:37.413703+02:00] app.INFO: Listado de libros obtenido correctamente [] []
[2026-04-22T20:12:40.596457+02:00] app.INFO: Listado de libros obtenido correctamente [] []
[2026-04-22T20:15:46.036800+02:00] app.INFO: Listado de libros obtenido correctamente [] []
[2026-04-22T20:16:28.589854+02:00] app.INFO: Listado de libros obtenido correctamente [] []
[2026-04-22T20:17:39.422145+02:00] app.INFO: Listado de libros obtenido correctamente [] []
[2026-04-22T20:18:49.911250+02:00] app.INFO: Listado de libros obtenido correctamente [] []
[2026-04-22T20:18:53.881978+02:00] app.INFO: Listado de libros obtenido correctamente [] []
[2026-04-22T20:19:13.615080+02:00] app.INFO: Listado de libros obtenido correctamente [] []
[2026-04-22T20:19:19.182704+02:00] app.INFO: Listado de libros obtenido correctamente [] []
[2026-04-22T20:19:24.517408+02:00] app.INFO: Listado de libros obtenido correctamente [] []
[2026-04-22T20:19:29.567919+02:00] app.INFO: Listado de libros obtenido correctamente [] []
[2026-04-22T22:02:55.631476+02:00] app.INFO: Listado de libros obtenido correctamente [] []
[2026-04-22T22:02:59.020231+02:00] app.INFO: Listado de libros obtenido correctamente [] []
[2026-04-22T22:03:02.034413+02:00] app.INFO: Listado de libros obtenido correctamente [] []
[2026-04-22T22:03:04.206232+02:00] app.INFO: Listado de libros obtenido correctamente [] []
[2026-04-22T22:03:06.695283+02:00] app.INFO: Listado de libros obtenido correctamente [] []
[2026-04-22T22:03:09.547214+02:00] app.INFO: Listado de libros obtenido correctamente [] []
[2026-04-22T22:03:15.517605+02:00] app.INFO: Listado de libros obtenido correctamente [] []
[2026-04-22T22:03:15.520671+02:00] app.INFO: Listado de libros obtenido correctamente [] []
[2026-04-22T22:03:23.628191+02:00] app.INFO: Listado de libros obtenido correctamente [] []
[2026-04-22T22:03:36.791208+02:00] app.INFO: Listado de libros obtenido correctamente [] []
[2026-04-22T22:03:49.679856+02:00] app.INFO: Listado de libros obtenido correctamente [] []
[2026-04-22T22:04:36.419278+02:00] app.INFO: Listado de libros obtenido correctamente [] []
[2026-04-22T22:04:38.695953+02:00] app.INFO: Listado de libros obtenido correctamente [] []
[2026-04-22T22:04:38.699496+02:00] app.INFO: Listado de libros obtenido correctamente [] []
[2026-04-22T22:04:47.529742+02:00] app.INFO: Listado de libros obtenido correctamente [] []
[2026-04-22T22:04:50.690683+02:00] app.INFO: Listado de libros obtenido correctamente [] []
[2026-04-22T22:04:59.510788+02:00] app.INFO: Listado de libros obtenido correctamente [] []
[2026-04-22T22:05:04.705399+02:00] app.INFO: Listado de libros obtenido correctamente [] []
[2026-04-22T22:05:12.798711+02:00] app.INFO: Listado de libros obtenido correctamente [] []
